<?xml version="1.0" encoding="UTF-8"?>
<!-- Generated by org.testng.reporters.JUnitReportReporter -->
<testsuite skipped="0" hostname="Bhupender" name="Maven_Test.Maven_Test.GmailAutomation" tests="1" failures="0" timestamp="24 May 2018 17:59:09 GMT" time="11.124" errors="0">
  <testcase name="test" time="11.124" classname="Maven_Test.Maven_Test.GmailAutomation"/>
</testsuite> <!-- Maven_Test.Maven_Test.GmailAutomation -->
