<?xml version="1.0" encoding="UTF-8"?>
<!-- Generated by org.testng.reporters.JUnitReportReporter -->
<testsuite skipped="0" hostname="Bhupender" name="Maven_Test.Maven_Test.AppTest" tests="1" failures="0" timestamp="24 May 2018 05:30:25 GMT" time="0.000" errors="0">
  <testcase name="testApp" time="0.000" classname="Maven_Test.Maven_Test.AppTest"/>
</testsuite> <!-- Maven_Test.Maven_Test.AppTest -->
